d:\bsit\3rd semester\opps\labs\assignment_04\assihnment4\assihnment4\x64\debug\vc143.pdb
d:\bsit\3rd semester\opps\labs\assignment_04\assihnment4\assihnment4\x64\debug\vc143.idb
d:\bsit\3rd semester\opps\labs\assignment_04\assihnment4\assihnment4\x64\debug\vehicle.obj
d:\bsit\3rd semester\opps\labs\assignment_04\assihnment4\assihnment4\x64\debug\main.obj
d:\bsit\3rd semester\opps\labs\assignment_04\assihnment4\assihnment4\x64\debug\car.obj
d:\bsit\3rd semester\opps\labs\assignment_04\assihnment4\x64\debug\assihnment4.exe
d:\bsit\3rd semester\opps\labs\assignment_04\assihnment4\x64\debug\assihnment4.pdb
d:\bsit\3rd semester\opps\labs\assignment_04\assihnment4\assihnment4\x64\debug\assihnment4.ilk
d:\bsit\3rd semester\opps\labs\assignment_04\assihnment4\assihnment4\x64\debug\assihnment4.tlog\cl.command.1.tlog
d:\bsit\3rd semester\opps\labs\assignment_04\assihnment4\assihnment4\x64\debug\assihnment4.tlog\cl.items.tlog
d:\bsit\3rd semester\opps\labs\assignment_04\assihnment4\assihnment4\x64\debug\assihnment4.tlog\cl.read.1.tlog
d:\bsit\3rd semester\opps\labs\assignment_04\assihnment4\assihnment4\x64\debug\assihnment4.tlog\cl.write.1.tlog
d:\bsit\3rd semester\opps\labs\assignment_04\assihnment4\assihnment4\x64\debug\assihnment4.tlog\link-cvtres.read.1.tlog
d:\bsit\3rd semester\opps\labs\assignment_04\assihnment4\assihnment4\x64\debug\assihnment4.tlog\link-cvtres.write.1.tlog
d:\bsit\3rd semester\opps\labs\assignment_04\assihnment4\assihnment4\x64\debug\assihnment4.tlog\link-rc.read.1.tlog
d:\bsit\3rd semester\opps\labs\assignment_04\assihnment4\assihnment4\x64\debug\assihnment4.tlog\link-rc.write.1.tlog
d:\bsit\3rd semester\opps\labs\assignment_04\assihnment4\assihnment4\x64\debug\assihnment4.tlog\link.18872-cvtres.read.1.tlog
d:\bsit\3rd semester\opps\labs\assignment_04\assihnment4\assihnment4\x64\debug\assihnment4.tlog\link.18872-cvtres.write.1.tlog
d:\bsit\3rd semester\opps\labs\assignment_04\assihnment4\assihnment4\x64\debug\assihnment4.tlog\link.18872-rc.read.1.tlog
d:\bsit\3rd semester\opps\labs\assignment_04\assihnment4\assihnment4\x64\debug\assihnment4.tlog\link.18872-rc.write.1.tlog
d:\bsit\3rd semester\opps\labs\assignment_04\assihnment4\assihnment4\x64\debug\assihnment4.tlog\link.18872.read.1.tlog
d:\bsit\3rd semester\opps\labs\assignment_04\assihnment4\assihnment4\x64\debug\assihnment4.tlog\link.18872.read.2.tlog
d:\bsit\3rd semester\opps\labs\assignment_04\assihnment4\assihnment4\x64\debug\assihnment4.tlog\link.18872.write.1.tlog
d:\bsit\3rd semester\opps\labs\assignment_04\assihnment4\assihnment4\x64\debug\assihnment4.tlog\link.command.1.tlog
d:\bsit\3rd semester\opps\labs\assignment_04\assihnment4\assihnment4\x64\debug\assihnment4.tlog\link.read.1.tlog
d:\bsit\3rd semester\opps\labs\assignment_04\assihnment4\assihnment4\x64\debug\assihnment4.tlog\link.read.2.tlog
d:\bsit\3rd semester\opps\labs\assignment_04\assihnment4\assihnment4\x64\debug\assihnment4.tlog\link.secondary.1.tlog
d:\bsit\3rd semester\opps\labs\assignment_04\assihnment4\assihnment4\x64\debug\assihnment4.tlog\link.write.1.tlog
